-- Configuring done
-- Generating done
-- Build files have been written to: /ws/demo_build
Consolidate compiler generated dependencies of target cifx_tcpserver
[ 77%] Built target cifx_tcpserver
Consolidate compiler generated dependencies of target cifx_api
[100%] Built target cifx_api
<1> 30.04.2024 10:12:47.478.535: Device Type autodetection: RAM Based Device found!
<1> 30.04.2024 10:12:47.478.624: New RAM based device found, device will be reset!
<8> 30.04.2024 10:12:48.081.454: DPM Content invalid after Reset (Data=0xFFFFFFFF)!
<8> 30.04.2024 10:12:48.081.673: Hardware reset failed, check if the card is correctly configured (PCI/DPM bootmode) (lRet=0x800A0013)!
<255> 30.04.2024 10:12:48.081.760: Error: 0x800A0013, <Failed to map the memory>


---------- Display Driver Version ----------
Driver Version: LinuxCIFXDrv V3.0.0, based on cifX Toolkit 2.8.0.1 

 State = 0x00000000
----------------------------------------------------
---------- Board/Channel enumeration demo ----------
 State = 0x00000000
----------------------------------------------------
---------- System Device handling demo ----------
Error opening SystemDevice!
 State = 0x800A0002
----------------------------------------------------
---------- Communication Channel demo ----------
Error opening Channel! State = 0x800A0002
----------------------------------------------------

--- Read / Write Block Information ---
Error opening Channel!

--- Event handling demo ---
Error: 0x800A0002, <No board with the given name / index available>

--- Set Bus / Host State Demo ---
Error opening Channel!
 State = 0x800A0002
----------------------------------------------------
